#
# A fatal error has been detected by the Java Runtime Environment:
#
#  SIGSEGV (0xb) at pc=0x0000000124bf4000, pid=87688, tid=3587
#
# JRE version: OpenJDK Runtime Environment Zulu17.48+15-CA (17.0.10+7) (build 17.0.10+7-LTS)
# Java VM: OpenJDK 64-Bit Server VM Zulu17.48+15-CA (17.0.10+7-LTS, mixed mode, sharing, tiered, compressed oops, compressed class ptrs, g1 gc, bsd-amd64)
# Problematic frame:
# C  [libnative-platform-file-events.dylib+0x0]  __dso_handle+0x0
#
# No core dump will be written. Core dumps have been disabled. To enable core dumping, try "ulimit -c unlimited" before starting Java again
#
# If you would like to submit a bug report, please visit:
#   http://www.azul.com/support/
#

---------------  S U M M A R Y ------------

Command Line: -XX:MaxMetaspaceSize=512m --add-opens=java.base/java.util=ALL-UNNAMED --add-opens=java.base/java.lang=ALL-UNNAMED --add-opens=java.base/java.lang.invoke=ALL-UNNAMED --add-opens=java.prefs/java.util.prefs=ALL-UNNAMED --add-opens=java.base/java.nio.charset=ALL-UNNAMED --add-opens=java.base/java.net=ALL-UNNAMED --add-opens=java.base/java.util.concurrent.atomic=ALL-UNNAMED -Xmx2048m -Dfile.encoding=UTF-8 -Duser.country=BD -Duser.language=en -Duser.variant -javaagent:/Users/saneybinfaruk/.gradle/wrapper/dists/gradle-8.8-all/6gdy1pgp427xkqcjbxw3ylt6h/gradle-8.8/lib/agents/gradle-instrumentation-agent-8.8.jar org.gradle.launcher.daemon.bootstrap.GradleDaemon 8.8

Host: "iMac18,3" x86_64 3800 MHz, 4 cores, 24G, Darwin 18.7.0, macOS 10.14.6 (18G103)
Time: Sun Aug 25 11:20:51 2024 +06 elapsed time: 13.756478 seconds (0d 0h 0m 13s)

---------------  T H R E A D  ---------------

Current thread is native thread

Stack: [0x0000700008136000,0x00007000081b6000],  sp=0x00007000081b3298,  free space=500k
Native frames: (J=compiled Java code, j=interpreted, Vv=VM code, C=native code)
C  [libnative-platform-file-events.dylib+0x0]  __dso_handle+0x0
C  [libnative-platform-file-events.dylib+0x15c27]  void std::__1::__variant_detail::__ctor<std::__1::__variant_detail::__traits<FileEvent, ErrorEvent, PoisonPill> >::__generic_construct[abi:v160006]<std::__1::__variant_detail::__copy_constructor<std::__1::__variant_detail::__traits<FileEvent, ErrorEvent, PoisonPill>, (std::__1::__variant_detail::_Trait)1> const&>(std::__1::__variant_detail::__ctor<std::__1::__variant_detail::__traits<FileEvent, ErrorEvent, PoisonPill> >&, std::__1::__variant_detail::__copy_constructor<std::__1::__variant_detail::__traits<FileEvent, ErrorEvent, PoisonPill>, (std::__1::__variant_detail::_Trait)1> const&&&)+0x47
C  [libnative-platform-file-events.dylib+0x15b8a]  std::__1::__variant_detail::__copy_constructor<std::__1::__variant_detail::__traits<FileEvent, ErrorEvent, PoisonPill>, (std::__1::__variant_detail::_Trait)1>::__copy_constructor(std::__1::__variant_detail::__copy_constructor<std::__1::__variant_detail::__traits<FileEvent, ErrorEvent, PoisonPill>, (std::__1::__variant_detail::_Trait)1> const&)+0x2a
C  [libnative-platform-file-events.dylib+0x15b4d]  std::__1::__variant_detail::__assignment<std::__1::__variant_detail::__traits<FileEvent, ErrorEvent, PoisonPill> >::__assignment(std::__1::__variant_detail::__assignment<std::__1::__variant_detail::__traits<FileEvent, ErrorEvent, PoisonPill> > const&)+0x1d
C  [libnative-platform-file-events.dylib+0x15b1d]  std::__1::__variant_detail::__move_assignment<std::__1::__variant_detail::__traits<FileEvent, ErrorEvent, PoisonPill>, (std::__1::__variant_detail::_Trait)1>::__move_assignment(std::__1::__variant_detail::__move_assignment<std::__1::__variant_detail::__traits<FileEvent, ErrorEvent, PoisonPill>, (std::__1::__variant_detail::_Trait)1> const&)+0x1d
C  [libnative-platform-file-events.dylib+0x15aed]  std::__1::__variant_detail::__copy_assignment<std::__1::__variant_detail::__traits<FileEvent, ErrorEvent, PoisonPill>, (std::__1::__variant_detail::_Trait)1>::__copy_assignment(std::__1::__variant_detail::__copy_assignment<std::__1::__variant_detail::__traits<FileEvent, ErrorEvent, PoisonPill>, (std::__1::__variant_detail::_Trait)1> const&)+0x1d
C  [libnative-platform-file-events.dylib+0x15abd]  std::__1::__variant_detail::__impl<FileEvent, ErrorEvent, PoisonPill>::__impl(std::__1::__variant_detail::__impl<FileEvent, ErrorEvent, PoisonPill> const&)+0x1d
C  [libnative-platform-file-events.dylib+0x15a8d]  std::__1::__variant_detail::__impl<FileEvent, ErrorEvent, PoisonPill>::__impl(std::__1::__variant_detail::__impl<FileEvent, ErrorEvent, PoisonPill> const&)+0x1d
C  [libnative-platform-file-events.dylib+0x15a5d]  std::__1::variant<FileEvent, ErrorEvent, PoisonPill>::variant(std::__1::variant<FileEvent, ErrorEvent, PoisonPill> const&)+0x1d
C  [libnative-platform-file-events.dylib+0x15a2d]  std::__1::variant<FileEvent, ErrorEvent, PoisonPill>::variant(std::__1::variant<FileEvent, ErrorEvent, PoisonPill> const&)+0x1d
C  [libnative-platform-file-events.dylib+0x15a01]  void std::__1::allocator<std::__1::variant<FileEvent, ErrorEvent, PoisonPill> >::construct[abi:v160006]<std::__1::variant<FileEvent, ErrorEvent, PoisonPill>, std::__1::variant<FileEvent, ErrorEvent, PoisonPill> const&>(std::__1::variant<FileEvent, ErrorEvent, PoisonPill>*, std::__1::variant<FileEvent, ErrorEvent, PoisonPill> const&&&)+0x21
C  [libnative-platform-file-events.dylib+0x13805]  void std::__1::allocator_traits<std::__1::allocator<std::__1::variant<FileEvent, ErrorEvent, PoisonPill> > >::construct[abi:v160006]<std::__1::variant<FileEvent, ErrorEvent, PoisonPill>, std::__1::variant<FileEvent, ErrorEvent, PoisonPill> const&, void>(std::__1::allocator<std::__1::variant<FileEvent, ErrorEvent, PoisonPill> >&, std::__1::variant<FileEvent, ErrorEvent, PoisonPill>*, std::__1::variant<FileEvent, ErrorEvent, PoisonPill> const&&&)+0x25
C  [libnative-platform-file-events.dylib+0x133ef]  std::__1::deque<std::__1::variant<FileEvent, ErrorEvent, PoisonPill>, std::__1::allocator<std::__1::variant<FileEvent, ErrorEvent, PoisonPill> > >::push_back(std::__1::variant<FileEvent, ErrorEvent, PoisonPill> const&)+0x6f
C  [libnative-platform-file-events.dylib+0x1336d]  std::__1::queue<std::__1::variant<FileEvent, ErrorEvent, PoisonPill>, std::__1::deque<std::__1::variant<FileEvent, ErrorEvent, PoisonPill>, std::__1::allocator<std::__1::variant<FileEvent, ErrorEvent, PoisonPill> > > >::push[abi:v160006](std::__1::variant<FileEvent, ErrorEvent, PoisonPill> const&)+0x1d
C  [libnative-platform-file-events.dylib+0xd9d2]  BlockingQueue<std::__1::variant<FileEvent, ErrorEvent, PoisonPill> >::enqueue(std::__1::variant<FileEvent, ErrorEvent, PoisonPill> const&)+0x32
C  [libnative-platform-file-events.dylib+0xd809]  Server::handleEvents(unsigned long, char**, unsigned int const*, unsigned long long const*)+0xb9
C  [libnative-platform-file-events.dylib+0xd441]  handleEventsCallback(__FSEventStream const*, void*, unsigned long, void*, unsigned int const*, unsigned long long const*)+0x41
C  [FSEvents+0x312e]  implementation_callback_rpc+0xbaf
C  [FSEvents+0x250a]  _Xcallback_rpc+0xe7
C  [FSEvents+0x2406]  FSEventsD2F_server+0x37
C  [FSEvents+0x239d]  receive_and_dispatch_rcv_msg+0xa6
C  [libdispatch.dylib+0x363d]  _dispatch_client_callout+0x8
C  [libdispatch.dylib+0x5de6]  _dispatch_continuation_pop+0x19e
C  [libdispatch.dylib+0x14f42]  _dispatch_source_invoke+0x808
C  [libdispatch.dylib+0x9792]  _dispatch_lane_serial_drain+0x10c
C  [libdispatch.dylib+0xa396]  _dispatch_lane_invoke+0x181
C  [libdispatch.dylib+0x126ed]  _dispatch_workloop_worker_thread+0x256
C  [libsystem_pthread.dylib+0x2611]  _pthread_wqthread+0x1a5
C  [libsystem_pthread.dylib+0x23fd]  start_wqthread+0xd


siginfo: si_signo: 11 (SIGSEGV), si_code: 0 (unknown), si_addr: 0x0000000000000000

Registers:
RAX=0x0000000124bf4000, RBX=0x00007fdc9470a9e0, RCX=0x0000000000000000, RDX=0x00007000081b3620
RSP=0x00007000081b3298, RBP=0x00007000081b32f0, RSI=0x00007fdc929c6800, RDI=0x00007000081b3308
R8 =0x000000000000000c, R9 =0x00007fdc94718280, R10=0x00007fdc91c19b78, R11=0x00007fdb8a913f00
R12=0x0000000000000000, R13=0x0000000000000000, R14=0x0000000000000002, R15=0x0000000000000000
RIP=0x0000000124bf4000, EFLAGS=0x0000000000010206, ERR=0x0000000000000000
  TRAPNO=0x000000000000000d


Top of Stack: (sp=0x00007000081b3298)
0x00007000081b3298:   0000000124c09d8c 00007000081b3308
0x00007000081b32a8:   00007fdc929c6800 0000000124bf4000
0x00007000081b32b8:   0000000124bf4000 0000000124bf4000
0x00007000081b32c8:   0000000124bf4000 00007000081b3620
0x00007000081b32d8:   00007fdc929c6800 00007000081b3308
0x00007000081b32e8:   0000000000000000 00007000081b3320
0x00007000081b32f8:   0000000124c09c27 00007000081b3320
0x00007000081b3308:   0000000124c09bd5 00007000081b3620
0x00007000081b3318:   00007fdc929c6800 00007000081b3360
0x00007000081b3328:   0000000124c09b8a 00007fdc929c6800
0x00007000081b3338:   0000000124c09849 0000000000000000
0x00007000081b3348:   00007000081b3420 00007000081b3620
0x00007000081b3358:   00007fdc929c6800 00007000081b3380
0x00007000081b3368:   0000000124c09b4d 00007000081b3620
0x00007000081b3378:   00007fdc929c6800 00007000081b33a0
0x00007000081b3388:   0000000124c09b1d 00007000081b3620
0x00007000081b3398:   00007fdc929c6800 00007000081b33c0
0x00007000081b33a8:   0000000124c09aed 00007000081b3620
0x00007000081b33b8:   00007fdc929c6800 00007000081b33e0
0x00007000081b33c8:   0000000124c09abd 00007000081b3620
0x00007000081b33d8:   00007fdc929c6800 00007000081b3400
0x00007000081b33e8:   0000000124c09a8d 00007000081b3620
0x00007000081b33f8:   00007fdc929c6800 00007000081b3420
0x00007000081b3408:   0000000124c09a5d 00007000081b3620
0x00007000081b3418:   00007fdc929c6800 00007000081b3440
0x00007000081b3428:   0000000124c09a2d 00007000081b3620
0x00007000081b3438:   00007fdc929c6800 00007000081b3470
0x00007000081b3448:   0000000124c09a01 00007fdc929c6800
0x00007000081b3458:   00007000081b3620 00007fdc929c6800
0x00007000081b3468:   00007fdc91c19bf8 00007000081b34a0
0x00007000081b3478:   0000000124c07805 0000000000000000
0x00007000081b3488:   00007000081b3620 00007fdc929c6800 

Instructions: (pc=0x0000000124bf4000)
0x0000000124bf3f00:   ?? ?? ?? ?? ?? ?? ?? ?? ?? ?? ?? ?? ?? ?? ?? ??
0x0000000124bf3f10:   ?? ?? ?? ?? ?? ?? ?? ?? ?? ?? ?? ?? ?? ?? ?? ??
0x0000000124bf3f20:   ?? ?? ?? ?? ?? ?? ?? ?? ?? ?? ?? ?? ?? ?? ?? ??
0x0000000124bf3f30:   ?? ?? ?? ?? ?? ?? ?? ?? ?? ?? ?? ?? ?? ?? ?? ??
0x0000000124bf3f40:   ?? ?? ?? ?? ?? ?? ?? ?? ?? ?? ?? ?? ?? ?? ?? ??
0x0000000124bf3f50:   ?? ?? ?? ?? ?? ?? ?? ?? ?? ?? ?? ?? ?? ?? ?? ??
0x0000000124bf3f60:   ?? ?? ?? ?? ?? ?? ?? ?? ?? ?? ?? ?? ?? ?? ?? ??
0x0000000124bf3f70:   ?? ?? ?? ?? ?? ?? ?? ?? ?? ?? ?? ?? ?? ?? ?? ??
0x0000000124bf3f80:   ?? ?? ?? ?? ?? ?? ?? ?? ?? ?? ?? ?? ?? ?? ?? ??
0x0000000124bf3f90:   ?? ?? ?? ?? ?? ?? ?? ?? ?? ?? ?? ?? ?? ?? ?? ??
0x0000000124bf3fa0:   ?? ?? ?? ?? ?? ?? ?? ?? ?? ?? ?? ?? ?? ?? ?? ??
0x0000000124bf3fb0:   ?? ?? ?? ?? ?? ?? ?? ?? ?? ?? ?? ?? ?? ?? ?? ??
0x0000000124bf3fc0:   ?? ?? ?? ?? ?? ?? ?? ?? ?? ?? ?? ?? ?? ?? ?? ??
0x0000000124bf3fd0:   ?? ?? ?? ?? ?? ?? ?? ?? ?? ?? ?? ?? ?? ?? ?? ??
0x0000000124bf3fe0:   ?? ?? ?? ?? ?? ?? ?? ?? ?? ?? ?? ?? ?? ?? ?? ??
0x0000000124bf3ff0:   ?? ?? ?? ?? ?? ?? ?? ?? ?? ?? ?? ?? ?? ?? ?? ??
0x0000000124bf4000:   cf fa ed fe 07 00 00 01 03 00 00 00 06 00 00 00
0x0000000124bf4010:   10 00 00 00 00 07 00 00 85 80 11 00 00 00 00 00
0x0000000124bf4020:   19 00 00 00 78 02 00 00 5f 5f 54 45 58 54 00 00
0x0000000124bf4030:   00 00 00 00 00 00 00 00 00 00 00 00 00 00 00 00
0x0000000124bf4040:   00 c0 01 00 00 00 00 00 00 00 00 00 00 00 00 00
0x0000000124bf4050:   00 c0 01 00 00 00 00 00 05 00 00 00 05 00 00 00
0x0000000124bf4060:   07 00 00 00 00 00 00 00 5f 5f 74 65 78 74 00 00
0x0000000124bf4070:   00 00 00 00 00 00 00 00 5f 5f 54 45 58 54 00 00
0x0000000124bf4080:   00 00 00 00 00 00 00 00 80 19 00 00 00 00 00 00
0x0000000124bf4090:   dc 7d 01 00 00 00 00 00 80 19 00 00 04 00 00 00
0x0000000124bf40a0:   00 00 00 00 00 00 00 00 00 04 00 80 00 00 00 00
0x0000000124bf40b0:   00 00 00 00 00 00 00 00 5f 5f 73 74 75 62 73 00
0x0000000124bf40c0:   00 00 00 00 00 00 00 00 5f 5f 54 45 58 54 00 00
0x0000000124bf40d0:   00 00 00 00 00 00 00 00 5c 97 01 00 00 00 00 00
0x0000000124bf40e0:   ec 04 00 00 00 00 00 00 5c 97 01 00 00 00 00 00
0x0000000124bf40f0:   00 00 00 00 00 00 00 00 08 04 00 80 00 00 00 00 



---------------  P R O C E S S  ---------------

VM state: not at safepoint (normal execution)

VM Mutex/Monitor currently owned by a thread: None

Heap address: 0x0000000780000000, size: 2048 MB, Compressed Oops mode: Zero based, Oop shift amount: 3

CDS archive(s) mapped at: [0x0000000125000000-0x0000000125be8000-0x0000000125be8000), size 12484608, SharedBaseAddress: 0x0000000125000000, ArchiveRelocationMode: 1.
Compressed class space mapped at: 0x0000000126000000-0x0000000140000000, reserved size: 436207616
Narrow klass base: 0x0000000125000000, Narrow klass shift: 0, Narrow klass range: 0x100000000

GC Precious Log:
<Skipped>

Heap:
 garbage-first heap   total 92160K, used 54000K [0x0000000780000000, 0x0000000800000000)
  region size 1024K, 18 young (18432K), 5 survivors (5120K)
 Metaspace       used 56696K, committed 57152K, reserved 491520K
  class space    used 7910K, committed 8128K, reserved 425984K

Heap Regions: E=young(eden), S=young(survivor), O=old, HS=humongous(starts), HC=humongous(continues), CS=collection set, F=free, OA=open archive, CA=closed archive, TAMS=top-at-mark-start (previous, next)
|   0|0x0000000780000000, 0x0000000780100000, 0x0000000780100000|100%|HS|  |TAMS 0x0000000780100000, 0x0000000780000000| Complete 
|   1|0x0000000780100000, 0x0000000780200000, 0x0000000780200000|100%|HC|  |TAMS 0x0000000780200000, 0x0000000780100000| Complete 
|   2|0x0000000780200000, 0x0000000780300000, 0x0000000780300000|100%|HC|  |TAMS 0x0000000780300000, 0x0000000780200000| Complete 
|   3|0x0000000780300000, 0x0000000780400000, 0x0000000780400000|100%|HC|  |TAMS 0x0000000780400000, 0x0000000780300000| Complete 
|   4|0x0000000780400000, 0x0000000780500000, 0x0000000780500000|100%| O|  |TAMS 0x0000000780500000, 0x0000000780400000| Untracked 
|   5|0x0000000780500000, 0x0000000780600000, 0x0000000780600000|100%| O|  |TAMS 0x0000000780600000, 0x0000000780500000| Untracked 
|   6|0x0000000780600000, 0x0000000780700000, 0x0000000780700000|100%| O|  |TAMS 0x0000000780700000, 0x0000000780600000| Untracked 
|   7|0x0000000780700000, 0x0000000780800000, 0x0000000780800000|100%| O|  |TAMS 0x0000000780800000, 0x0000000780700000| Untracked 
|   8|0x0000000780800000, 0x0000000780900000, 0x0000000780900000|100%| O|  |TAMS 0x0000000780900000, 0x0000000780800000| Untracked 
|   9|0x0000000780900000, 0x0000000780a00000, 0x0000000780a00000|100%| O|  |TAMS 0x0000000780a00000, 0x0000000780900000| Untracked 
|  10|0x0000000780a00000, 0x0000000780b00000, 0x0000000780b00000|100%| O|  |TAMS 0x0000000780b00000, 0x0000000780a00000| Untracked 
|  11|0x0000000780b00000, 0x0000000780c00000, 0x0000000780c00000|100%|HS|  |TAMS 0x0000000780c00000, 0x0000000780b00000| Complete 
|  12|0x0000000780c00000, 0x0000000780d00000, 0x0000000780d00000|100%| O|  |TAMS 0x0000000780d00000, 0x0000000780c00000| Untracked 
|  13|0x0000000780d00000, 0x0000000780d6f200, 0x0000000780e00000| 43%| O|  |TAMS 0x0000000780d6f200, 0x0000000780d00000| Untracked 
|  14|0x0000000780e00000, 0x0000000780f00000, 0x0000000780f00000|100%| O|  |TAMS 0x0000000780f00000, 0x0000000780e00000| Untracked 
|  15|0x0000000780f00000, 0x0000000781000000, 0x0000000781000000|100%| O|  |TAMS 0x0000000781000000, 0x0000000780f00000| Untracked 
|  16|0x0000000781000000, 0x0000000781100000, 0x0000000781100000|100%| O|  |TAMS 0x0000000781100000, 0x0000000781000000| Untracked 
|  17|0x0000000781100000, 0x0000000781200000, 0x0000000781200000|100%| O|  |TAMS 0x0000000781200000, 0x0000000781100000| Untracked 
|  18|0x0000000781200000, 0x0000000781300000, 0x0000000781300000|100%| O|  |TAMS 0x0000000781300000, 0x0000000781200000| Untracked 
|  19|0x0000000781300000, 0x0000000781400000, 0x0000000781400000|100%| O|  |TAMS 0x0000000781400000, 0x0000000781300000| Untracked 
|  20|0x0000000781400000, 0x0000000781500000, 0x0000000781500000|100%| O|  |TAMS 0x0000000781500000, 0x0000000781400000| Untracked 
|  21|0x0000000781500000, 0x0000000781600000, 0x0000000781600000|100%| O|  |TAMS 0x0000000781600000, 0x0000000781500000| Untracked 
|  22|0x0000000781600000, 0x0000000781700000, 0x0000000781700000|100%| O|  |TAMS 0x0000000781700000, 0x0000000781600000| Untracked 
|  23|0x0000000781700000, 0x0000000781800000, 0x0000000781800000|100%| O|  |TAMS 0x00000007817fba00, 0x0000000781700000| Untracked 
|  24|0x0000000781800000, 0x0000000781900000, 0x0000000781900000|100%| O|  |TAMS 0x0000000781800000, 0x0000000781800000| Untracked 
|  25|0x0000000781900000, 0x0000000781a00000, 0x0000000781a00000|100%| O|  |TAMS 0x0000000781900000, 0x0000000781900000| Untracked 
|  26|0x0000000781a00000, 0x0000000781b00000, 0x0000000781b00000|100%| O|  |TAMS 0x0000000781a00000, 0x0000000781a00000| Untracked 
|  27|0x0000000781b00000, 0x0000000781c00000, 0x0000000781c00000|100%| O|  |TAMS 0x0000000781b00000, 0x0000000781b00000| Untracked 
|  28|0x0000000781c00000, 0x0000000781d00000, 0x0000000781d00000|100%| O|  |TAMS 0x0000000781c00000, 0x0000000781c00000| Untracked 
|  29|0x0000000781d00000, 0x0000000781e00000, 0x0000000781e00000|100%| O|  |TAMS 0x0000000781d00000, 0x0000000781d00000| Untracked 
|  30|0x0000000781e00000, 0x0000000781f00000, 0x0000000781f00000|100%| O|  |TAMS 0x0000000781e00000, 0x0000000781e00000| Untracked 
|  31|0x0000000781f00000, 0x0000000782000000, 0x0000000782000000|100%| O|  |TAMS 0x0000000781f00000, 0x0000000781f00000| Untracked 
|  32|0x0000000782000000, 0x0000000782100000, 0x0000000782100000|100%| O|  |TAMS 0x0000000782000000, 0x0000000782000000| Untracked 
|  33|0x0000000782100000, 0x0000000782200000, 0x0000000782200000|100%| O|  |TAMS 0x0000000782100000, 0x0000000782100000| Untracked 
|  34|0x0000000782200000, 0x0000000782300000, 0x0000000782300000|100%| O|  |TAMS 0x0000000782200000, 0x0000000782200000| Untracked 
|  35|0x0000000782300000, 0x0000000782356200, 0x0000000782400000| 33%| O|  |TAMS 0x0000000782300000, 0x0000000782300000| Untracked 
|  36|0x0000000782400000, 0x0000000782400000, 0x0000000782500000|  0%| F|  |TAMS 0x0000000782400000, 0x0000000782400000| Untracked 
|  37|0x0000000782500000, 0x0000000782500000, 0x0000000782600000|  0%| F|  |TAMS 0x0000000782500000, 0x0000000782500000| Untracked 
|  38|0x0000000782600000, 0x0000000782600000, 0x0000000782700000|  0%| F|  |TAMS 0x0000000782600000, 0x0000000782600000| Untracked 
|  39|0x0000000782700000, 0x0000000782700000, 0x0000000782800000|  0%| F|  |TAMS 0x0000000782700000, 0x0000000782700000| Untracked 
|  40|0x0000000782800000, 0x0000000782800000, 0x0000000782900000|  0%| F|  |TAMS 0x0000000782800000, 0x0000000782800000| Untracked 
|  41|0x0000000782900000, 0x0000000782900000, 0x0000000782a00000|  0%| F|  |TAMS 0x0000000782900000, 0x0000000782900000| Untracked 
|  42|0x0000000782a00000, 0x0000000782a00000, 0x0000000782b00000|  0%| F|  |TAMS 0x0000000782a00000, 0x0000000782a00000| Untracked 
|  43|0x0000000782b00000, 0x0000000782b00000, 0x0000000782c00000|  0%| F|  |TAMS 0x0000000782b00000, 0x0000000782b00000| Untracked 
|  44|0x0000000782c00000, 0x0000000782d00000, 0x0000000782d00000|100%| S|CS|TAMS 0x0000000782c00000, 0x0000000782c00000| Complete 
|  45|0x0000000782d00000, 0x0000000782e00000, 0x0000000782e00000|100%| S|CS|TAMS 0x0000000782d00000, 0x0000000782d00000| Complete 
|  46|0x0000000782e00000, 0x0000000782e00000, 0x0000000782f00000|  0%| F|  |TAMS 0x0000000782e00000, 0x0000000782e00000| Untracked 
|  47|0x0000000782f00000, 0x0000000782f00000, 0x0000000783000000|  0%| F|  |TAMS 0x0000000782f00000, 0x0000000782f00000| Untracked 
|  48|0x0000000783000000, 0x0000000783000000, 0x0000000783100000|  0%| F|  |TAMS 0x0000000783000000, 0x0000000783000000| Untracked 
|  49|0x0000000783100000, 0x0000000783100000, 0x0000000783200000|  0%| F|  |TAMS 0x0000000783100000, 0x0000000783100000| Untracked 
|  50|0x0000000783200000, 0x0000000783300000, 0x0000000783300000|100%| S|CS|TAMS 0x0000000783200000, 0x0000000783200000| Complete 
|  51|0x0000000783300000, 0x0000000783400000, 0x0000000783400000|100%| S|CS|TAMS 0x0000000783300000, 0x0000000783300000| Complete 
|  52|0x0000000783400000, 0x0000000783500000, 0x0000000783500000|100%| S|CS|TAMS 0x0000000783400000, 0x0000000783400000| Complete 
|  53|0x0000000783500000, 0x0000000783500000, 0x0000000783600000|  0%| F|  |TAMS 0x0000000783500000, 0x0000000783500000| Untracked 
|  54|0x0000000783600000, 0x0000000783600000, 0x0000000783700000|  0%| F|  |TAMS 0x0000000783600000, 0x0000000783600000| Untracked 
|  55|0x0000000783700000, 0x0000000783700000, 0x0000000783800000|  0%| F|  |TAMS 0x0000000783700000, 0x0000000783700000| Untracked 
|  56|0x0000000783800000, 0x0000000783800000, 0x0000000783900000|  0%| F|  |TAMS 0x0000000783800000, 0x0000000783800000| Untracked 
|  57|0x0000000783900000, 0x0000000783900000, 0x0000000783a00000|  0%| F|  |TAMS 0x0000000783900000, 0x0000000783900000| Untracked 
|  58|0x0000000783a00000, 0x0000000783a00000, 0x0000000783b00000|  0%| F|  |TAMS 0x0000000783a00000, 0x0000000783a00000| Untracked 
|  59|0x0000000783b00000, 0x0000000783b00000, 0x0000000783c00000|  0%| F|  |TAMS 0x0000000783b00000, 0x0000000783b00000| Untracked 
|  60|0x0000000783c00000, 0x0000000783c00000, 0x0000000783d00000|  0%| F|  |TAMS 0x0000000783c00000, 0x0000000783c00000| Untracked 
|  61|0x0000000783d00000, 0x0000000783d00000, 0x0000000783e00000|  0%| F|  |TAMS 0x0000000783d00000, 0x0000000783d00000| Untracked 
|  62|0x0000000783e00000, 0x0000000783e00000, 0x0000000783f00000|  0%| F|  |TAMS 0x0000000783e00000, 0x0000000783e00000| Untracked 
|  63|0x0000000783f00000, 0x0000000783f00000, 0x0000000784000000|  0%| F|  |TAMS 0x0000000783f00000, 0x0000000783f00000| Untracked 
|  64|0x0000000784000000, 0x0000000784000000, 0x0000000784100000|  0%| F|  |TAMS 0x0000000784000000, 0x0000000784000000| Untracked 
|  65|0x0000000784100000, 0x0000000784100000, 0x0000000784200000|  0%| F|  |TAMS 0x0000000784100000, 0x0000000784100000| Untracked 
|  66|0x0000000784200000, 0x0000000784200000, 0x0000000784300000|  0%| F|  |TAMS 0x0000000784200000, 0x0000000784200000| Untracked 
|  67|0x0000000784300000, 0x0000000784300000, 0x0000000784400000|  0%| F|  |TAMS 0x0000000784300000, 0x0000000784300000| Untracked 
|  68|0x0000000784400000, 0x0000000784400000, 0x0000000784500000|  0%| F|  |TAMS 0x0000000784400000, 0x0000000784400000| Untracked 
|  69|0x0000000784500000, 0x0000000784500000, 0x0000000784600000|  0%| F|  |TAMS 0x0000000784500000, 0x0000000784500000| Untracked 
|  70|0x0000000784600000, 0x0000000784600000, 0x0000000784700000|  0%| F|  |TAMS 0x0000000784600000, 0x0000000784600000| Untracked 
|  71|0x0000000784700000, 0x0000000784700000, 0x0000000784800000|  0%| F|  |TAMS 0x0000000784700000, 0x0000000784700000| Untracked 
|  72|0x0000000784800000, 0x0000000784800000, 0x0000000784900000|  0%| F|  |TAMS 0x0000000784800000, 0x0000000784800000| Untracked 
|  73|0x0000000784900000, 0x0000000784900000, 0x0000000784a00000|  0%| F|  |TAMS 0x0000000784900000, 0x0000000784900000| Untracked 
|  74|0x0000000784a00000, 0x0000000784a00000, 0x0000000784b00000|  0%| F|  |TAMS 0x0000000784a00000, 0x0000000784a00000| Untracked 
|  75|0x0000000784b00000, 0x0000000784b0cf48, 0x0000000784c00000|  5%| E|  |TAMS 0x0000000784b00000, 0x0000000784b00000| Complete 
| 284|0x0000000791c00000, 0x0000000791d00000, 0x0000000791d00000|100%| E|CS|TAMS 0x0000000791c00000, 0x0000000791c00000| Complete 
| 285|0x0000000791d00000, 0x0000000791e00000, 0x0000000791e00000|100%| E|CS|TAMS 0x0000000791d00000, 0x0000000791d00000| Complete 
| 286|0x0000000791e00000, 0x0000000791f00000, 0x0000000791f00000|100%| E|CS|TAMS 0x0000000791e00000, 0x0000000791e00000| Complete 
| 287|0x0000000791f00000, 0x0000000792000000, 0x0000000792000000|100%| E|CS|TAMS 0x0000000791f00000, 0x0000000791f00000| Complete 
| 288|0x0000000792000000, 0x0000000792100000, 0x0000000792100000|100%| E|CS|TAMS 0x0000000792000000, 0x0000000792000000| Complete 
| 289|0x0000000792100000, 0x0000000792200000, 0x0000000792200000|100%| E|CS|TAMS 0x0000000792100000, 0x0000000792100000| Complete 
| 290|0x0000000792200000, 0x0000000792300000, 0x0000000792300000|100%| E|CS|TAMS 0x0000000792200000, 0x0000000792200000| Complete 
| 291|0x0000000792300000, 0x0000000792400000, 0x0000000792400000|100%| E|CS|TAMS 0x0000000792300000, 0x0000000792300000| Complete 
| 292|0x0000000792400000, 0x0000000792500000, 0x0000000792500000|100%| E|CS|TAMS 0x0000000792400000, 0x0000000792400000| Complete 
| 293|0x0000000792500000, 0x0000000792600000, 0x0000000792600000|100%| E|CS|TAMS 0x0000000792500000, 0x0000000792500000| Complete 
| 294|0x0000000792600000, 0x0000000792700000, 0x0000000792700000|100%| E|CS|TAMS 0x0000000792600000, 0x0000000792600000| Complete 
| 383|0x0000000797f00000, 0x0000000798000000, 0x0000000798000000|100%| E|CS|TAMS 0x0000000797f00000, 0x0000000797f00000| Complete 
|2046|0x00000007ffe00000, 0x00000007ffe76000, 0x00000007fff00000| 46%|OA|  |TAMS 0x00000007ffe76000, 0x00000007ffe00000| Untracked 
|2047|0x00000007fff00000, 0x00000007fff74000, 0x0000000800000000| 45%|CA|  |TAMS 0x00000007fff74000, 0x00000007fff00000| Untracked 

Card table byte_map: [0x000000011dbf8000,0x000000011dff8000] _byte_map_base: 0x0000000119ff8000

Marking Bits (Prev, Next): (CMBitMap*) 0x00007fdc90022210, (CMBitMap*) 0x00007fdc90022250
 Prev Bits: [0x000000011e3f8000, 0x00000001203f8000)
 Next Bits: [0x00000001203f8000, 0x00000001223f8000)

Polling page: 0x0000000104b7a000

Metaspace:

Usage:
  Non-class:     47.64 MB used.
      Class:      7.73 MB used.
       Both:     55.37 MB used.

Virtual space:
  Non-class space:       64.00 MB reserved,      47.88 MB ( 75%) committed,  1 nodes.
      Class space:      416.00 MB reserved,       7.94 MB (  2%) committed,  1 nodes.
             Both:      480.00 MB reserved,      55.81 MB ( 12%) committed. 

Chunk freelists:
   Non-Class:  15.56 MB
       Class:  7.88 MB
        Both:  23.44 MB

MaxMetaspaceSize: 512.00 MB
CompressedClassSpaceSize: 416.00 MB
Initial GC threshold: 21.00 MB
Current GC threshold: 58.69 MB
CDS: on
MetaspaceReclaimPolicy: balanced
 - commit_granule_bytes: 65536.
 - commit_granule_words: 8192.
 - virtual_space_node_default_size: 8388608.
 - enlarge_chunks_in_place: 1.
 - new_chunks_are_fully_committed: 0.
 - uncommit_free_chunks: 1.
 - use_allocation_guard: 0.
 - handle_deallocations: 1.


Internal statistics:

num_allocs_failed_limit: 6.
num_arena_births: 646.
num_arena_deaths: 0.
num_vsnodes_births: 2.
num_vsnodes_deaths: 0.
num_space_committed: 893.
num_space_uncommitted: 0.
num_chunks_returned_to_freelist: 6.
num_chunks_taken_from_freelist: 2842.
num_chunk_merges: 6.
num_chunk_splits: 1956.
num_chunks_enlarged: 1428.
num_inconsistent_stats: 0.

CodeHeap 'non-profiled nmethods': size=120032Kb used=2417Kb max_used=3123Kb free=117614Kb
 bounds [0x00000001161c0000, 0x00000001164d0000, 0x000000011d6f8000]
CodeHeap 'profiled nmethods': size=120028Kb used=9115Kb max_used=10788Kb free=110912Kb
 bounds [0x000000010e6f8000, 0x000000010f198000, 0x0000000115c2f000]
CodeHeap 'non-nmethods': size=5700Kb used=2334Kb max_used=2385Kb free=3365Kb
 bounds [0x0000000115c2f000, 0x0000000115e9f000, 0x00000001161c0000]
 total_blobs=5807 nmethods=4944 adapters=776
 compilation: enabled
              stopped_count=0, restarted_count=0
 full_count=0

Compilation events (20 events):
Event: 13.746 Thread 0x00007fdc90048a00 nmethod 5878 0x000000010e820f10 code [0x000000010e821140, 0x000000010e821b10]
Event: 13.746 Thread 0x00007fdc8f805800 5879       4       java.util.Spliterator::getExactSizeIfKnown (25 bytes)
Event: 13.747 Thread 0x00007fdc8f805800 nmethod 5879 0x00000001161fe790 code [0x00000001161fe920, 0x00000001161fe9d8]
Event: 13.750 Thread 0x00007fdc90048a00 5881       3       org.gradle.internal.snapshot.impl.DirectorySnapshotter$PathVisitor::intern (14 bytes)
Event: 13.750 Thread 0x00007fdc90048a00 nmethod 5881 0x000000010eb40810 code [0x000000010eb409c0, 0x000000010eb40c80]
Event: 13.750 Thread 0x00007fdc90048a00 5882       3       sun.nio.fs.UnixPath::getFileName (5 bytes)
Event: 13.750 Thread 0x00007fdc90048a00 nmethod 5882 0x000000010e9de590 code [0x000000010e9de740, 0x000000010e9de880]
Event: 13.750 Thread 0x00007fdc90048a00 5883       3       sun.nio.fs.UnixPath::getFileName (90 bytes)
Event: 13.751 Thread 0x00007fdc90048a00 nmethod 5883 0x000000010e812f10 code [0x000000010e813120, 0x000000010e813790]
Event: 13.751 Thread 0x00007fdc90048a00 5880       3       com.google.common.collect.ImmutableMap$Builder::buildOrThrow (6 bytes)
Event: 13.751 Thread 0x00007fdc90048a00 nmethod 5880 0x000000010eaa0c90 code [0x000000010eaa0e40, 0x000000010eaa0f80]
Event: 13.753 Thread 0x00007fdc90048a00 5884       3       com.google.common.cache.LocalCache$Segment::setValue (82 bytes)
Event: 13.754 Thread 0x00007fdc90048a00 nmethod 5884 0x000000010e85a490 code [0x000000010e85a6a0, 0x000000010e85acc0]
Event: 13.754 Thread 0x00007fdc90048a00 5885       3       com.google.common.cache.LocalCache$Segment::recordWrite (72 bytes)
Event: 13.754 Thread 0x00007fdc90048a00 nmethod 5885 0x000000010e782990 code [0x000000010e782bc0, 0x000000010e783520]
Event: 13.755 Thread 0x00007fdc90048a00 5888       3       java.io.DataOutputStream::writeLong (118 bytes)
Event: 13.755 Thread 0x00007fdc90048a00 nmethod 5888 0x000000010ed32910 code [0x000000010ed32ae0, 0x000000010ed32f00]
Event: 13.755 Thread 0x00007fdc90048a00 5886       3       com.google.common.cache.LocalCache$Strength$1::referenceValue (28 bytes)
Event: 13.756 Thread 0x00007fdc90048a00 nmethod 5886 0x000000010ea4c490 code [0x000000010ea4c660, 0x000000010ea4c9c0]
Event: 13.756 Thread 0x00007fdc90048a00 5887       3       com.google.common.cache.LocalCache$StrongValueReference::<init> (10 bytes)

GC Heap History (20 events):
Event: 1.962 GC heap before
{Heap before GC invocations=1 (full 0):
 garbage-first heap   total 395264K, used 27191K [0x0000000780000000, 0x0000000800000000)
  region size 1024K, 19 young (19456K), 3 survivors (3072K)
 Metaspace       used 4030K, committed 4224K, reserved 491520K
  class space    used 519K, committed 640K, reserved 425984K
}
Event: 1.964 GC heap after
{Heap after GC invocations=2 (full 0):
 garbage-first heap   total 395264K, used 12443K [0x0000000780000000, 0x0000000800000000)
  region size 1024K, 2 young (2048K), 2 survivors (2048K)
 Metaspace       used 4030K, committed 4224K, reserved 491520K
  class space    used 519K, committed 640K, reserved 425984K
}
Event: 3.696 GC heap before
{Heap before GC invocations=2 (full 0):
 garbage-first heap   total 395264K, used 57499K [0x0000000780000000, 0x0000000800000000)
  region size 1024K, 44 young (45056K), 2 survivors (2048K)
 Metaspace       used 8612K, committed 8832K, reserved 491520K
  class space    used 1178K, committed 1280K, reserved 425984K
}
Event: 3.701 GC heap after
{Heap after GC invocations=3 (full 0):
 garbage-first heap   total 395264K, used 19812K [0x0000000780000000, 0x0000000800000000)
  region size 1024K, 6 young (6144K), 6 survivors (6144K)
 Metaspace       used 8612K, committed 8832K, reserved 491520K
  class space    used 1178K, committed 1280K, reserved 425984K
}
Event: 6.664 GC heap before
{Heap before GC invocations=3 (full 0):
 garbage-first heap   total 395264K, used 103780K [0x0000000780000000, 0x0000000800000000)
  region size 1024K, 89 young (91136K), 6 survivors (6144K)
 Metaspace       used 21212K, committed 21504K, reserved 491520K
  class space    used 3135K, committed 3264K, reserved 425984K
}
Event: 6.671 GC heap after
{Heap after GC invocations=4 (full 0):
 garbage-first heap   total 395264K, used 24063K [0x0000000780000000, 0x0000000800000000)
  region size 1024K, 11 young (11264K), 11 survivors (11264K)
 Metaspace       used 21212K, committed 21504K, reserved 491520K
  class space    used 3135K, committed 3264K, reserved 425984K
}
Event: 7.874 GC heap before
{Heap before GC invocations=5 (full 0):
 garbage-first heap   total 92160K, used 68095K [0x0000000780000000, 0x0000000800000000)
  region size 1024K, 54 young (55296K), 11 survivors (11264K)
 Metaspace       used 26471K, committed 26816K, reserved 491520K
  class space    used 3961K, committed 4096K, reserved 425984K
}
Event: 7.882 GC heap after
{Heap after GC invocations=6 (full 0):
 garbage-first heap   total 92160K, used 26702K [0x0000000780000000, 0x0000000800000000)
  region size 1024K, 3 young (3072K), 3 survivors (3072K)
 Metaspace       used 26471K, committed 26816K, reserved 491520K
  class space    used 3961K, committed 4096K, reserved 425984K
}
Event: 8.602 GC heap before
{Heap before GC invocations=6 (full 0):
 garbage-first heap   total 92160K, used 63566K [0x0000000780000000, 0x0000000800000000)
  region size 1024K, 40 young (40960K), 3 survivors (3072K)
 Metaspace       used 31520K, committed 31872K, reserved 491520K
  class space    used 4499K, committed 4672K, reserved 425984K
}
Event: 8.606 GC heap after
{Heap after GC invocations=7 (full 0):
 garbage-first heap   total 92160K, used 30035K [0x0000000780000000, 0x0000000800000000)
  region size 1024K, 5 young (5120K), 5 survivors (5120K)
 Metaspace       used 31520K, committed 31872K, reserved 491520K
  class space    used 4499K, committed 4672K, reserved 425984K
}
Event: 9.743 GC heap before
{Heap before GC invocations=7 (full 0):
 garbage-first heap   total 92160K, used 64851K [0x0000000780000000, 0x0000000800000000)
  region size 1024K, 36 young (36864K), 5 survivors (5120K)
 Metaspace       used 35520K, committed 35968K, reserved 491520K
  class space    used 5026K, committed 5248K, reserved 425984K
}
Event: 9.748 GC heap after
{Heap after GC invocations=8 (full 0):
 garbage-first heap   total 92160K, used 32810K [0x0000000780000000, 0x0000000800000000)
  region size 1024K, 6 young (6144K), 6 survivors (6144K)
 Metaspace       used 35520K, committed 35968K, reserved 491520K
  class space    used 5026K, committed 5248K, reserved 425984K
}
Event: 10.604 GC heap before
{Heap before GC invocations=9 (full 0):
 garbage-first heap   total 92160K, used 67626K [0x0000000780000000, 0x0000000800000000)
  region size 1024K, 40 young (40960K), 6 survivors (6144K)
 Metaspace       used 38520K, committed 39040K, reserved 491520K
  class space    used 5512K, committed 5760K, reserved 425984K
}
Event: 10.609 GC heap after
{Heap after GC invocations=10 (full 0):
 garbage-first heap   total 92160K, used 34428K [0x0000000780000000, 0x0000000800000000)
  region size 1024K, 4 young (4096K), 4 survivors (4096K)
 Metaspace       used 38520K, committed 39040K, reserved 491520K
  class space    used 5512K, committed 5760K, reserved 425984K
}
Event: 11.542 GC heap before
{Heap before GC invocations=10 (full 0):
 garbage-first heap   total 92160K, used 69244K [0x0000000780000000, 0x0000000800000000)
  region size 1024K, 38 young (38912K), 4 survivors (4096K)
 Metaspace       used 41965K, committed 42496K, reserved 491520K
  class space    used 6082K, committed 6336K, reserved 425984K
}
Event: 11.546 GC heap after
{Heap after GC invocations=11 (full 0):
 garbage-first heap   total 92160K, used 35388K [0x0000000780000000, 0x0000000800000000)
  region size 1024K, 3 young (3072K), 3 survivors (3072K)
 Metaspace       used 41965K, committed 42496K, reserved 491520K
  class space    used 6082K, committed 6336K, reserved 425984K
}
Event: 12.153 GC heap before
{Heap before GC invocations=11 (full 0):
 garbage-first heap   total 92160K, used 72252K [0x0000000780000000, 0x0000000800000000)
  region size 1024K, 38 young (38912K), 3 survivors (3072K)
 Metaspace       used 46614K, committed 47104K, reserved 491520K
  class space    used 6610K, committed 6848K, reserved 425984K
}
Event: 12.156 GC heap after
{Heap after GC invocations=12 (full 0):
 garbage-first heap   total 92160K, used 36392K [0x0000000780000000, 0x0000000800000000)
  region size 1024K, 4 young (4096K), 4 survivors (4096K)
 Metaspace       used 46614K, committed 47104K, reserved 491520K
  class space    used 6610K, committed 6848K, reserved 425984K
}
Event: 13.357 GC heap before
{Heap before GC invocations=12 (full 0):
 garbage-first heap   total 92160K, used 72232K [0x0000000780000000, 0x0000000800000000)
  region size 1024K, 39 young (39936K), 4 survivors (4096K)
 Metaspace       used 55587K, committed 56128K, reserved 491520K
  class space    used 7785K, committed 8064K, reserved 425984K
}
Event: 13.363 GC heap after
{Heap after GC invocations=13 (full 0):
 garbage-first heap   total 92160K, used 41661K [0x0000000780000000, 0x0000000800000000)
  region size 1024K, 5 young (5120K), 5 survivors (5120K)
 Metaspace       used 55587K, committed 56128K, reserved 491520K
  class space    used 7785K, committed 8064K, reserved 425984K
}

Dll operation events (13 events):
Event: 0.006 Loaded shared library /Library/Java/JavaVirtualMachines/zulu-17.jdk/Contents/Home/lib/libjava.dylib
Event: 0.093 Loaded shared library /Library/Java/JavaVirtualMachines/zulu-17.jdk/Contents/Home/lib/libzip.dylib
Event: 0.094 Loaded shared library /Library/Java/JavaVirtualMachines/zulu-17.jdk/Contents/Home/lib/libinstrument.dylib
Event: 0.097 Loaded shared library /Library/Java/JavaVirtualMachines/zulu-17.jdk/Contents/Home/lib/libnio.dylib
Event: 0.103 Loaded shared library /Library/Java/JavaVirtualMachines/zulu-17.jdk/Contents/Home/lib/libzip.dylib
Event: 0.331 Loaded shared library /Library/Java/JavaVirtualMachines/zulu-17.jdk/Contents/Home/lib/libjimage.dylib
Event: 0.507 Loaded shared library /Library/Java/JavaVirtualMachines/zulu-17.jdk/Contents/Home/lib/libverify.dylib
Event: 0.967 Loaded shared library /Library/Java/JavaVirtualMachines/zulu-17.jdk/Contents/Home/lib/libnet.dylib
Event: 1.089 Loaded shared library /Users/saneybinfaruk/.gradle/native/c067742578af261105cb4f569cf0c3c89f3d7b1fecec35dd04571415982c5e48/osx-amd64/libnative-platform.dylib
Event: 1.107 Loaded shared library /Users/saneybinfaruk/.gradle/native/100fb08df4bc3b14c8652ba06237920a3bd2aa13389f12d3474272988ae205f9/osx-amd64/libnative-platform-file-events.dylib
Event: 2.917 Loaded shared library /Library/Java/JavaVirtualMachines/zulu-17.jdk/Contents/Home/lib/libmanagement.dylib
Event: 2.918 Loaded shared library /Library/Java/JavaVirtualMachines/zulu-17.jdk/Contents/Home/lib/libmanagement_ext.dylib
Event: 3.491 Loaded shared library /Library/Java/JavaVirtualMachines/zulu-17.jdk/Contents/Home/lib/libextnet.dylib

Deoptimization events (20 events):
Event: 13.309 Thread 0x00007fdc8fbb0800 DEOPT PACKING pc=0x00000001164a2054 sp=0x0000700009e002b0
Event: 13.309 Thread 0x00007fdc8fbb0800 DEOPT UNPACKING pc=0x0000000115c85699 sp=0x0000700009e00270 mode 2
Event: 13.346 Thread 0x00007fdc8fbb0800 Uncommon trap: trap_request=0xffffff45 fr.pc=0x00000001164a98b8 relative=0x0000000000000218
Event: 13.346 Thread 0x00007fdc8fbb0800 Uncommon trap: reason=unstable_if action=reinterpret pc=0x00000001164a98b8 method=com.sun.tools.javac.util.Name$Table.equals([BI[BII)Z @ 22 c2
Event: 13.346 Thread 0x00007fdc8fbb0800 DEOPT PACKING pc=0x00000001164a98b8 sp=0x0000700009dffec0
Event: 13.346 Thread 0x00007fdc8fbb0800 DEOPT UNPACKING pc=0x0000000115c85699 sp=0x0000700009dffe58 mode 2
Event: 13.526 Thread 0x00007fdc8fbb0800 Uncommon trap: trap_request=0xffffffc6 fr.pc=0x0000000116456e28 relative=0x00000000000003c8
Event: 13.526 Thread 0x00007fdc8fbb0800 Uncommon trap: reason=bimorphic_or_optimized_type_check action=maybe_recompile pc=0x0000000116456e28 method=java.util.HashMap.putVal(ILjava/lang/Object;Ljava/lang/Object;ZZ)Ljava/lang/Object; @ 253 c2
Event: 13.526 Thread 0x00007fdc8fbb0800 DEOPT PACKING pc=0x0000000116456e28 sp=0x0000700009e00ca0
Event: 13.526 Thread 0x00007fdc8fbb0800 DEOPT UNPACKING pc=0x0000000115c85699 sp=0x0000700009e00c20 mode 2
Event: 13.533 Thread 0x00007fdc8fbb0800 Uncommon trap: trap_request=0xffffffc6 fr.pc=0x0000000116456e28 relative=0x00000000000003c8
Event: 13.533 Thread 0x00007fdc8fbb0800 Uncommon trap: reason=bimorphic_or_optimized_type_check action=maybe_recompile pc=0x0000000116456e28 method=java.util.HashMap.putVal(ILjava/lang/Object;Ljava/lang/Object;ZZ)Ljava/lang/Object; @ 253 c2
Event: 13.533 Thread 0x00007fdc8fbb0800 DEOPT PACKING pc=0x0000000116456e28 sp=0x0000700009e00c80
Event: 13.533 Thread 0x00007fdc8fbb0800 DEOPT UNPACKING pc=0x0000000115c85699 sp=0x0000700009e00c00 mode 2
Event: 13.613 Thread 0x00007fdc8fbb0800 DEOPT PACKING pc=0x000000010eeca1a2 sp=0x0000700009e00540
Event: 13.613 Thread 0x00007fdc8fbb0800 DEOPT UNPACKING pc=0x0000000115c85e2f sp=0x0000700009dffa58 mode 0
Event: 13.703 Thread 0x00007fdc8fbb0800 DEOPT PACKING pc=0x000000010f140344 sp=0x0000700009dff0d0
Event: 13.703 Thread 0x00007fdc8fbb0800 DEOPT UNPACKING pc=0x0000000115c85e2f sp=0x0000700009dfe4b0 mode 0
Event: 13.734 Thread 0x00007fdc8fbb0800 DEOPT PACKING pc=0x000000010eecb161 sp=0x0000700009e00610
Event: 13.734 Thread 0x00007fdc8fbb0800 DEOPT UNPACKING pc=0x0000000115c85e2f sp=0x0000700009dffb28 mode 0

Classes unloaded (0 events):
No events

Classes redefined (0 events):
No events

Internal exceptions (20 events):
Event: 11.815 Thread 0x00007fdc8fbb0800 Implicit null exception at 0x00000001161e6654 to 0x00000001161e6c6c
Event: 11.971 Thread 0x00007fdc8fbb0800 Implicit null exception at 0x00000001161d7754 to 0x00000001161d7d68
Event: 12.115 Thread 0x00007fdc8fbb0800 Exception <a 'java/lang/ClassNotFoundException'{0x000000078379bdc8}: sun/misc/SharedSecrets> (0x000000078379bdc8) 
thrown [src/hotspot/share/classfile/systemDictionary.cpp, line 259]
Event: 12.223 Thread 0x00007fdc8fbb0800 Exception <a 'java/lang/NoSuchMethodError'{0x0000000797fccfa8}: 'java.lang.Object java.lang.invoke.DirectMethodHandle$Holder.newInvokeSpecial(java.lang.Object, java.lang.Object, int)'> (0x0000000797fccfa8) 
thrown [src/hotspot/share/interpreter/linkResolver.cpp, line 759]
Event: 12.452 Thread 0x00007fdc8fbb0800 Exception <a 'java/lang/NoSuchMethodError'{0x0000000791e73088}: 'void java.lang.invoke.DirectMethodHandle$Holder.invokeStatic(java.lang.Object, java.lang.Object, java.lang.Object, java.lang.Object, java.lang.Object, java.lang.Object, java.lang.Object)'> (0x0000000791e73088) 
thrown [src/hotspot/share/interpreter/linkResolver.cpp, line 759]
Event: 12.476 Thread 0x00007fdc8fbb0800 Exception <a 'java/lang/IncompatibleClassChangeError'{0x0000000791d9b178}: Found class java.lang.Object, but interface was expected> (0x0000000791d9b178) 
thrown [src/hotspot/share/interpreter/linkResolver.cpp, line 826]
Event: 12.495 Thread 0x00007fdc8fbb0800 Exception <a 'java/lang/NoSuchMethodError'{0x0000000791de5230}: 'void java.lang.invoke.DirectMethodHandle$Holder.invokeStatic(java.lang.Object, java.lang.Object, java.lang.Object, java.lang.Object, java.lang.Object, java.lang.Object)'> (0x0000000791de5230) 
thrown [src/hotspot/share/interpreter/linkResolver.cpp, line 759]
Event: 12.662 Thread 0x00007fdc8fbb0800 Exception <a 'java/lang/NoSuchMethodError'{0x000000078494d680}: 'java.lang.Object java.lang.invoke.DirectMethodHandle$Holder.newInvokeSpecial(java.lang.Object, java.lang.Object, java.lang.Object, int, int)'> (0x000000078494d680) 
thrown [src/hotspot/share/interpreter/linkResolver.cpp, line 759]
Event: 12.664 Thread 0x00007fdc8fbb0800 Exception <a 'java/lang/NoSuchMethodError'{0x0000000784988bf8}: 'java.lang.Object java.lang.invoke.Invokers$Holder.linkToTargetMethod(java.lang.Object, java.lang.Object, java.lang.Object, int, int, java.lang.Object, java.lang.Object)'> (0x0000000784988bf8) 
thrown [src/hotspot/share/interpreter/linkResolver.cpp, line 759]
Event: 12.747 Thread 0x00007fdc8fbb0800 Exception <a 'java/lang/NoSuchMethodError'{0x0000000784867bf8}: 'java.lang.Object java.lang.invoke.DirectMethodHandle$Holder.newInvokeSpecial(java.lang.Object, java.lang.Object, java.lang.Object, java.lang.Object, int, int)'> (0x0000000784867bf8) 
thrown [src/hotspot/share/interpreter/linkResolver.cpp, line 759]
Event: 12.748 Thread 0x00007fdc8fbb0800 Exception <a 'java/lang/NoSuchMethodError'{0x0000000784870928}: 'java.lang.Object java.lang.invoke.Invokers$Holder.linkToTargetMethod(java.lang.Object, java.lang.Object, java.lang.Object, int, int, java.lang.Object)'> (0x0000000784870928) 
thrown [src/hotspot/share/interpreter/linkResolver.cpp, line 759]
Event: 13.179 Thread 0x00007fdc8fbb0800 Implicit null exception at 0x000000011635ee2c to 0x000000011635ef66
Event: 13.278 Thread 0x00007fdc8fbb0800 Exception <a 'java/lang/NoSuchMethodError'{0x0000000783891c98}: 'int java.lang.invoke.DirectMethodHandle$Holder.invokeSpecial(java.lang.Object, java.lang.Object, java.lang.Object, java.lang.Object, java.lang.Object)'> (0x0000000783891c98) 
thrown [src/hotspot/share/interpreter/linkResolver.cpp, line 759]
Event: 13.319 Thread 0x00007fdc8fbb0800 Exception <a 'java/lang/NoSuchMethodError'{0x00000007837df6c8}: 'java.lang.Object java.lang.invoke.DirectMethodHandle$Holder.invokeStatic(java.lang.Object, java.lang.Object, int, int)'> (0x00000007837df6c8) 
thrown [src/hotspot/share/interpreter/linkResolver.cpp, line 759]
Event: 13.321 Thread 0x00007fdc8fbb0800 Exception <a 'java/lang/NoSuchMethodError'{0x00000007837e7f20}: 'java.lang.Object java.lang.invoke.DirectMethodHandle$Holder.invokeVirtual(java.lang.Object, java.lang.Object, java.lang.Object, int, int)'> (0x00000007837e7f20) 
thrown [src/hotspot/share/interpreter/linkResolver.cpp, line 759]
Event: 13.512 Thread 0x00007fdc8fbb0800 Exception <a 'java/lang/NoSuchMethodError'{0x0000000791f1d560}: 'void java.lang.invoke.DirectMethodHandle$Holder.invokeVirtual(java.lang.Object, java.lang.Object)'> (0x0000000791f1d560) 
thrown [src/hotspot/share/interpreter/linkResolver.cpp, line 759]
Event: 13.596 Thread 0x00007fdc8fbb0800 Exception <a 'sun/nio/fs/UnixException'{0x0000000791fd6720}> (0x0000000791fd6720) 
thrown [src/hotspot/share/prims/jni.cpp, line 516]
Event: 13.596 Thread 0x00007fdc8fbb0800 Exception <a 'sun/nio/fs/UnixException'{0x0000000791fd7f50}> (0x0000000791fd7f50) 
thrown [src/hotspot/share/prims/jni.cpp, line 516]
Event: 13.596 Thread 0x00007fdc8fbb0800 Exception <a 'sun/nio/fs/UnixException'{0x0000000791fd9770}> (0x0000000791fd9770) 
thrown [src/hotspot/share/prims/jni.cpp, line 516]
Event: 13.596 Thread 0x00007fdc8fbb0800 Exception <a 'sun/nio/fs/UnixException'{0x0000000791fdaf80}> (0x0000000791fdaf80) 
thrown [src/hotspot/share/prims/jni.cpp, line 516]

VM Operations (20 events):
Event: 13.206 Executing VM operation: ICBufferFull
Event: 13.216 Executing VM operation: ICBufferFull done
Event: 13.357 Executing VM operation: G1CollectForAllocation
Event: 13.373 Executing VM operation: G1CollectForAllocation done
Event: 13.539 Executing VM operation: HandshakeAllThreads
Event: 13.539 Executing VM operation: HandshakeAllThreads done
Event: 13.543 Executing VM operation: ICBufferFull
Event: 13.592 Executing VM operation: ICBufferFull done
Event: 13.592 Executing VM operation: HandshakeAllThreads
Event: 13.592 Executing VM operation: HandshakeAllThreads done
Event: 13.599 Executing VM operation: HandshakeAllThreads
Event: 13.600 Executing VM operation: HandshakeAllThreads done
Event: 13.639 Executing VM operation: HandshakeAllThreads
Event: 13.663 Executing VM operation: HandshakeAllThreads done
Event: 13.703 Executing VM operation: HandshakeAllThreads
Event: 13.703 Executing VM operation: HandshakeAllThreads done
Event: 13.707 Executing VM operation: ICBufferFull
Event: 13.717 Executing VM operation: ICBufferFull done
Event: 13.732 Executing VM operation: HandshakeAllThreads
Event: 13.732 Executing VM operation: HandshakeAllThreads done

Events (20 events):
Event: 13.667 Thread 0x00007fdc90053c00 flushing nmethod 0x000000010f0e8a90
Event: 13.667 Thread 0x00007fdc90053c00 flushing nmethod 0x000000010f0e8f10
Event: 13.667 Thread 0x00007fdc90053c00 flushing nmethod 0x000000010f0ea590
Event: 13.667 Thread 0x00007fdc90053c00 flushing nmethod 0x000000010f0ea910
Event: 13.667 Thread 0x00007fdc90053c00 flushing nmethod 0x000000010f0f3710
Event: 13.668 Thread 0x00007fdc90053c00 flushing nmethod 0x000000010f0fe090
Event: 13.668 Thread 0x00007fdc90053c00 flushing nmethod 0x000000010f105c10
Event: 13.668 Thread 0x00007fdc90053c00 flushing nmethod 0x000000010f10cd90
Event: 13.668 Thread 0x00007fdc90053c00 flushing nmethod 0x000000010f110f10
Event: 13.668 Thread 0x00007fdc90053c00 flushing nmethod 0x000000010f126910
Event: 13.729 loading class java/util/concurrent/LinkedBlockingDeque$Itr
Event: 13.729 loading class java/util/concurrent/LinkedBlockingDeque$AbstractItr
Event: 13.729 loading class java/util/concurrent/LinkedBlockingDeque$AbstractItr done
Event: 13.729 loading class java/util/concurrent/LinkedBlockingDeque$Itr done
Event: 13.734 loading class java/util/EnumMap$Values
Event: 13.734 loading class java/util/EnumMap$Values done
Event: 13.735 loading class java/util/EnumMap$ValueIterator
Event: 13.735 loading class java/util/EnumMap$EnumMapIterator
Event: 13.735 loading class java/util/EnumMap$EnumMapIterator done
Event: 13.735 loading class java/util/EnumMap$ValueIterator done


Dynamic libraries:
0x00007fff613c8000 	/usr/lib/libz.1.dylib
0x0000000104b16000 	/Library/Java/JavaVirtualMachines/zulu-17.jdk/Contents/Home/lib/libjli.dylib
0x00007fff3622c000 	/System/Library/Frameworks/Cocoa.framework/Versions/A/Cocoa
0x00007fff41f6e000 	/System/Library/Frameworks/Security.framework/Versions/A/Security
0x00007fff34ebf000 	/System/Library/Frameworks/ApplicationServices.framework/Versions/A/ApplicationServices
0x00007fff5ed22000 	/usr/lib/libSystem.B.dylib
0x00007fff61bbe000 	/usr/lib/system/libcache.dylib
0x00007fff61bc3000 	/usr/lib/system/libcommonCrypto.dylib
0x00007fff61bce000 	/usr/lib/system/libcompiler_rt.dylib
0x00007fff61bd6000 	/usr/lib/system/libcopyfile.dylib
0x00007fff61be0000 	/usr/lib/system/libcorecrypto.dylib
0x00007fff61ceb000 	/usr/lib/system/libdispatch.dylib
0x00007fff61d25000 	/usr/lib/system/libdyld.dylib
0x00007fff61d52000 	/usr/lib/system/libkeymgr.dylib
0x00007fff61d60000 	/usr/lib/system/liblaunch.dylib
0x00007fff61d61000 	/usr/lib/system/libmacho.dylib
0x00007fff61d67000 	/usr/lib/system/libquarantine.dylib
0x00007fff61d6a000 	/usr/lib/system/libremovefile.dylib
0x00007fff61d6c000 	/usr/lib/system/libsystem_asl.dylib
0x00007fff61d84000 	/usr/lib/system/libsystem_blocks.dylib
0x00007fff61d85000 	/usr/lib/system/libsystem_c.dylib
0x00007fff61e0d000 	/usr/lib/system/libsystem_configuration.dylib
0x00007fff61e11000 	/usr/lib/system/libsystem_coreservices.dylib
0x00007fff61e15000 	/usr/lib/system/libsystem_darwin.dylib
0x00007fff61e1c000 	/usr/lib/system/libsystem_dnssd.dylib
0x00007fff61e23000 	/usr/lib/system/libsystem_info.dylib
0x00007fff61e98000 	/usr/lib/system/libsystem_m.dylib
0x00007fff61ee4000 	/usr/lib/system/libsystem_malloc.dylib
0x00007fff61f0f000 	/usr/lib/system/libsystem_networkextension.dylib
0x00007fff61f1a000 	/usr/lib/system/libsystem_notify.dylib
0x00007fff61f37000 	/usr/lib/system/libsystem_sandbox.dylib
0x00007fff61f3b000 	/usr/lib/system/libsystem_secinit.dylib
0x00007fff61e6f000 	/usr/lib/system/libsystem_kernel.dylib
0x00007fff61f22000 	/usr/lib/system/libsystem_platform.dylib
0x00007fff61f2c000 	/usr/lib/system/libsystem_pthread.dylib
0x00007fff61f3e000 	/usr/lib/system/libsystem_symptoms.dylib
0x00007fff61f46000 	/usr/lib/system/libsystem_trace.dylib
0x00007fff61f5d000 	/usr/lib/system/libunwind.dylib
0x00007fff61f63000 	/usr/lib/system/libxpc.dylib
0x00007fff60559000 	/usr/lib/libobjc.A.dylib
0x00007fff5efb9000 	/usr/lib/libc++abi.dylib
0x00007fff5ef65000 	/usr/lib/libc++.1.dylib
0x00007fff36a3f000 	/System/Library/Frameworks/CoreFoundation.framework/Versions/A/CoreFoundation
0x00007fff38cc2000 	/System/Library/Frameworks/Foundation.framework/Versions/C/Foundation
0x00007fff340b8000 	/System/Library/Frameworks/AppKit.framework/Versions/C/AppKit
0x00007fff365c8000 	/System/Library/Frameworks/CoreData.framework/Versions/A/CoreData
0x00007fff5914d000 	/System/Library/PrivateFrameworks/RemoteViewServices.framework/Versions/A/RemoteViewServices
0x00007fff5cb9b000 	/System/Library/PrivateFrameworks/UIFoundation.framework/Versions/A/UIFoundation
0x00007fff5e143000 	/System/Library/PrivateFrameworks/XCTTargetBootstrap.framework/Versions/A/XCTTargetBootstrap
0x00007fff3694e000 	/System/Library/Frameworks/CoreDisplay.framework/Versions/A/CoreDisplay
0x00007fff53ffd000 	/System/Library/PrivateFrameworks/IconServices.framework/Versions/A/IconServices
0x00007fff3b5e3000 	/System/Library/Frameworks/Metal.framework/Versions/A/Metal
0x00007fff4b556000 	/System/Library/PrivateFrameworks/DesktopServicesPriv.framework/Versions/A/DesktopServicesPriv
0x00007fff5f8bc000 	/usr/lib/libenergytrace.dylib
0x00007fff5b082000 	/System/Library/PrivateFrameworks/SkyLight.framework/Versions/A/SkyLight
0x00007fff36e86000 	/System/Library/Frameworks/CoreGraphics.framework/Versions/A/CoreGraphics
0x00007fff32e84000 	/System/Library/Frameworks/Accelerate.framework/Versions/A/Accelerate
0x00007fff3940b000 	/System/Library/Frameworks/IOSurface.framework/Versions/A/IOSurface
0x00007fff4b3c2000 	/System/Library/PrivateFrameworks/DFRFoundation.framework/Versions/A/DFRFoundation
0x00007fff353a2000 	/System/Library/Frameworks/AudioToolbox.framework/Versions/A/AudioToolbox
0x00007fff3561b000 	/System/Library/Frameworks/AudioUnit.framework/Versions/A/AudioUnit
0x00007fff4b457000 	/System/Library/PrivateFrameworks/DataDetectorsCore.framework/Versions/A/DataDetectorsCore
0x00007fff35d2f000 	/System/Library/Frameworks/Carbon.framework/Versions/A/Frameworks/HIToolbox.framework/Versions/A/HIToolbox
0x00007fff5fa15000 	/usr/lib/libicucore.A.dylib
0x00007fff414e2000 	/System/Library/Frameworks/QuartzCore.framework/Versions/A/QuartzCore
0x00007fff36104000 	/System/Library/Frameworks/Carbon.framework/Versions/A/Frameworks/SpeechRecognition.framework/Versions/A/SpeechRecognition
0x00007fff5ee76000 	/usr/lib/libauto.dylib
0x00007fff612bc000 	/usr/lib/libxml2.2.dylib
0x00007fff4af9d000 	/System/Library/PrivateFrameworks/CoreUI.framework/Versions/A/CoreUI
0x00007fff36515000 	/System/Library/Frameworks/CoreAudio.framework/Versions/A/CoreAudio
0x00007fff38af7000 	/System/Library/Frameworks/DiskArbitration.framework/Versions/A/DiskArbitration
0x00007fff5fcc3000 	/usr/lib/liblangid.dylib
0x00007fff55292000 	/System/Library/PrivateFrameworks/MultitouchSupport.framework/Versions/A/MultitouchSupport
0x00007fff3937a000 	/System/Library/Frameworks/IOKit.framework/Versions/A/IOKit
0x00007fff5e8e2000 	/usr/lib/libDiagnosticMessagesClient.dylib
0x00007fff37c95000 	/System/Library/Frameworks/CoreServices.framework/Versions/A/CoreServices
0x00007fff56f4c000 	/System/Library/PrivateFrameworks/PerformanceAnalysis.framework/Versions/A/PerformanceAnalysis
0x00007fff406d0000 	/System/Library/Frameworks/OpenGL.framework/Versions/A/OpenGL
0x00007fff3623a000 	/System/Library/Frameworks/ColorSync.framework/Versions/A/ColorSync
0x00007fff37517000 	/System/Library/Frameworks/CoreImage.framework/Versions/A/CoreImage
0x00007fff3866d000 	/System/Library/Frameworks/CoreText.framework/Versions/A/CoreText
0x00007fff3946e000 	/System/Library/Frameworks/ImageIO.framework/Versions/A/ImageIO
0x00007fff4760f000 	/System/Library/PrivateFrameworks/Backup.framework/Versions/A/Backup
0x00007fff5edc9000 	/usr/lib/libarchive.2.dylib
0x00007fff35974000 	/System/Library/Frameworks/CFNetwork.framework/Versions/A/CFNetwork
0x00007fff426ca000 	/System/Library/Frameworks/SystemConfiguration.framework/Versions/A/SystemConfiguration
0x00007fff5e813000 	/usr/lib/libCRFSuite.dylib
0x00007fff5ef46000 	/usr/lib/libbsm.0.dylib
0x00007fff61d53000 	/usr/lib/system/libkxld.dylib
0x00007fff46a00000 	/System/Library/PrivateFrameworks/AppleFSCompression.framework/Versions/A/AppleFSCompression
0x00007fff5ebe2000 	/usr/lib/libOpenScriptingUtil.dylib
0x00007fff5f26e000 	/usr/lib/libcoretls.dylib
0x00007fff5f285000 	/usr/lib/libcoretls_cfhelpers.dylib
0x00007fff60cf0000 	/usr/lib/libpam.2.dylib
0x00007fff60eb0000 	/usr/lib/libsqlite3.dylib
0x00007fff612aa000 	/usr/lib/libxar.1.dylib
0x00007fff5ef57000 	/usr/lib/libbz2.1.0.dylib
0x00007fff5fcc5000 	/usr/lib/liblzma.5.dylib
0x00007fff60176000 	/usr/lib/libnetwork.dylib
0x00007fff5edb2000 	/usr/lib/libapple_nghttp2.dylib
0x00007fff60cf7000 	/usr/lib/libpcap.A.dylib
0x00007fff38034000 	/System/Library/Frameworks/CoreServices.framework/Versions/A/Frameworks/FSEvents.framework/Versions/A/FSEvents
0x00007fff37d13000 	/System/Library/Frameworks/CoreServices.framework/Versions/A/Frameworks/CarbonCore.framework/Versions/A/CarbonCore
0x00007fff381ef000 	/System/Library/Frameworks/CoreServices.framework/Versions/A/Frameworks/Metadata.framework/Versions/A/Metadata
0x00007fff3828e000 	/System/Library/Frameworks/CoreServices.framework/Versions/A/Frameworks/OSServices.framework/Versions/A/OSServices
0x00007fff382d9000 	/System/Library/Frameworks/CoreServices.framework/Versions/A/Frameworks/SearchKit.framework/Versions/A/SearchKit
0x00007fff37c96000 	/System/Library/Frameworks/CoreServices.framework/Versions/A/Frameworks/AE.framework/Versions/A/AE
0x00007fff3803d000 	/System/Library/Frameworks/CoreServices.framework/Versions/A/Frameworks/LaunchServices.framework/Versions/A/LaunchServices
0x00007fff37feb000 	/System/Library/Frameworks/CoreServices.framework/Versions/A/Frameworks/DictionaryServices.framework/Versions/A/DictionaryServices
0x00007fff38341000 	/System/Library/Frameworks/CoreServices.framework/Versions/A/Frameworks/SharedFileList.framework/Versions/A/SharedFileList
0x00007fff3c6ab000 	/System/Library/Frameworks/NetFS.framework/Versions/A/NetFS
0x00007fff554f8000 	/System/Library/PrivateFrameworks/NetAuth.framework/Versions/A/NetAuth
0x00007fff5e547000 	/System/Library/PrivateFrameworks/login.framework/Versions/A/Frameworks/loginsupport.framework/Versions/A/loginsupport
0x00007fff5c7a4000 	/System/Library/PrivateFrameworks/TCC.framework/Versions/A/TCC
0x00007fff4a5fa000 	/System/Library/PrivateFrameworks/CoreNLP.framework/Versions/A/CoreNLP
0x00007fff550f6000 	/System/Library/PrivateFrameworks/MetadataUtilities.framework/Versions/A/MetadataUtilities
0x00007fff5fd9a000 	/usr/lib/libmecabra.dylib
0x00007fff34ec0000 	/System/Library/Frameworks/ApplicationServices.framework/Versions/A/Frameworks/ATS.framework/Versions/A/ATS
0x00007fff3520f000 	/System/Library/Frameworks/ApplicationServices.framework/Versions/A/Frameworks/ColorSyncLegacy.framework/Versions/A/ColorSyncLegacy
0x00007fff352ae000 	/System/Library/Frameworks/ApplicationServices.framework/Versions/A/Frameworks/HIServices.framework/Versions/A/HIServices
0x00007fff35301000 	/System/Library/Frameworks/ApplicationServices.framework/Versions/A/Frameworks/LangAnalysis.framework/Versions/A/LangAnalysis
0x00007fff35311000 	/System/Library/Frameworks/ApplicationServices.framework/Versions/A/Frameworks/PrintCore.framework/Versions/A/PrintCore
0x00007fff3535b000 	/System/Library/Frameworks/ApplicationServices.framework/Versions/A/Frameworks/QD.framework/Versions/A/QD
0x00007fff35395000 	/System/Library/Frameworks/ApplicationServices.framework/Versions/A/Frameworks/SpeechSynthesis.framework/Versions/A/SpeechSynthesis
0x00007fff5efe1000 	/usr/lib/libcompression.dylib
0x00007fff3b8b3000 	/System/Library/Frameworks/MetalPerformanceShaders.framework/Versions/A/MetalPerformanceShaders
0x00007fff32e9c000 	/System/Library/Frameworks/Accelerate.framework/Versions/A/Frameworks/vImage.framework/Versions/A/vImage
0x00007fff33f16000 	/System/Library/Frameworks/Accelerate.framework/Versions/A/Frameworks/vecLib.framework/Versions/A/vecLib
0x00007fff33e62000 	/System/Library/Frameworks/Accelerate.framework/Versions/A/Frameworks/vecLib.framework/Versions/A/libvMisc.dylib
0x00007fff33c7a000 	/System/Library/Frameworks/Accelerate.framework/Versions/A/Frameworks/vecLib.framework/Versions/A/libvDSP.dylib
0x00007fff33536000 	/System/Library/Frameworks/Accelerate.framework/Versions/A/Frameworks/vecLib.framework/Versions/A/libBLAS.dylib
0x00007fff33823000 	/System/Library/Frameworks/Accelerate.framework/Versions/A/Frameworks/vecLib.framework/Versions/A/libLAPACK.dylib
0x00007fff33bcd000 	/System/Library/Frameworks/Accelerate.framework/Versions/A/Frameworks/vecLib.framework/Versions/A/libLinearAlgebra.dylib
0x00007fff33c66000 	/System/Library/Frameworks/Accelerate.framework/Versions/A/Frameworks/vecLib.framework/Versions/A/libSparseBLAS.dylib
0x00007fff33be3000 	/System/Library/Frameworks/Accelerate.framework/Versions/A/Frameworks/vecLib.framework/Versions/A/libQuadrature.dylib
0x00007fff337b0000 	/System/Library/Frameworks/Accelerate.framework/Versions/A/Frameworks/vecLib.framework/Versions/A/libBNNS.dylib
0x00007fff33be9000 	/System/Library/Frameworks/Accelerate.framework/Versions/A/Frameworks/vecLib.framework/Versions/A/libSparse.dylib
0x00007fff51932000 	/System/Library/PrivateFrameworks/GPUWrangler.framework/Versions/A/GPUWrangler
0x00007fff53c32000 	/System/Library/PrivateFrameworks/IOAccelerator.framework/Versions/A/IOAccelerator
0x00007fff53c3d000 	/System/Library/PrivateFrameworks/IOPresentment.framework/Versions/A/IOPresentment
0x00007fff4b3d2000 	/System/Library/PrivateFrameworks/DSExternalDisplay.framework/Versions/A/DSExternalDisplay
0x00007fff3fb27000 	/System/Library/Frameworks/OpenGL.framework/Versions/A/Libraries/libCoreFSCache.dylib
0x00007fff3b6a7000 	/System/Library/Frameworks/MetalPerformanceShaders.framework/Frameworks/MPSCore.framework/Versions/A/MPSCore
0x00007fff3b6c7000 	/System/Library/Frameworks/MetalPerformanceShaders.framework/Frameworks/MPSImage.framework/Versions/A/MPSImage
0x00007fff3b76c000 	/System/Library/Frameworks/MetalPerformanceShaders.framework/Frameworks/MPSNeuralNetwork.framework/Versions/A/MPSNeuralNetwork
0x00007fff3b744000 	/System/Library/Frameworks/MetalPerformanceShaders.framework/Frameworks/MPSMatrix.framework/Versions/A/MPSMatrix
0x00007fff3b898000 	/System/Library/Frameworks/MetalPerformanceShaders.framework/Frameworks/MPSRayIntersector.framework/Versions/A/MPSRayIntersector
0x00007fff5511f000 	/System/Library/PrivateFrameworks/MetalTools.framework/Versions/A/MetalTools
0x00007fff4642d000 	/System/Library/PrivateFrameworks/AggregateDictionary.framework/Versions/A/AggregateDictionary
0x00007fff5ebc2000 	/usr/lib/libMobileGestalt.dylib
0x00007fff387d0000 	/System/Library/Frameworks/CoreVideo.framework/Versions/A/CoreVideo
0x00007fff52743000 	/System/Library/PrivateFrameworks/GraphVisualizer.framework/Versions/A/GraphVisualizer
0x00007fff4c5c2000 	/System/Library/PrivateFrameworks/FaceCore.framework/Versions/A/FaceCore
0x00007fff3f155000 	/System/Library/Frameworks/OpenCL.framework/Versions/A/OpenCL
0x00007fff5e91a000 	/usr/lib/libFosl_dynamic.dylib
0x00007fff55d63000 	/System/Library/PrivateFrameworks/OTSVG.framework/Versions/A/OTSVG
0x00007fff34fc4000 	/System/Library/Frameworks/ApplicationServices.framework/Versions/A/Frameworks/ATS.framework/Versions/A/Resources/libFontParser.dylib
0x00007fff350dc000 	/System/Library/Frameworks/ApplicationServices.framework/Versions/A/Frameworks/ATS.framework/Versions/A/Resources/libFontRegistry.dylib
0x00007fff396dc000 	/System/Library/Frameworks/ImageIO.framework/Versions/A/Resources/libJPEG.dylib
0x00007fff399ee000 	/System/Library/Frameworks/ImageIO.framework/Versions/A/Resources/libTIFF.dylib
0x00007fff399c4000 	/System/Library/Frameworks/ImageIO.framework/Versions/A/Resources/libPng.dylib
0x00007fff395fa000 	/System/Library/Frameworks/ImageIO.framework/Versions/A/Resources/libGIF.dylib
0x00007fff395ff000 	/System/Library/Frameworks/ImageIO.framework/Versions/A/Resources/libJP2.dylib
0x00007fff399eb000 	/System/Library/Frameworks/ImageIO.framework/Versions/A/Resources/libRadiance.dylib
0x00007fff46b57000 	/System/Library/PrivateFrameworks/AppleJPEG.framework/Versions/A/AppleJPEG
0x00007fff3fb32000 	/System/Library/Frameworks/OpenGL.framework/Versions/A/Libraries/libGFXShared.dylib
0x00007fff3fcf5000 	/System/Library/Frameworks/OpenGL.framework/Versions/A/Libraries/libGLU.dylib
0x00007fff3fb3b000 	/System/Library/Frameworks/OpenGL.framework/Versions/A/Libraries/libGL.dylib
0x00007fff3fb47000 	/System/Library/Frameworks/OpenGL.framework/Versions/A/Libraries/libGLImage.dylib
0x00007fff3fb24000 	/System/Library/Frameworks/OpenGL.framework/Versions/A/Libraries/libCVMSPluginSupport.dylib
0x00007fff3fb2d000 	/System/Library/Frameworks/OpenGL.framework/Versions/A/Libraries/libCoreVMClient.dylib
0x00007fff5f732000 	/usr/lib/libcups.2.dylib
0x00007fff3abae000 	/System/Library/Frameworks/Kerberos.framework/Versions/A/Kerberos
0x00007fff390de000 	/System/Library/Frameworks/GSS.framework/Versions/A/GSS
0x00007fff60e45000 	/usr/lib/libresolv.9.dylib
0x00007fff5f924000 	/usr/lib/libiconv.2.dylib
0x00007fff528b8000 	/System/Library/PrivateFrameworks/Heimdal.framework/Versions/A/Heimdal
0x00007fff5f8f4000 	/usr/lib/libheimdal-asn1.dylib
0x00007fff3f1c9000 	/System/Library/Frameworks/OpenDirectory.framework/Versions/A/OpenDirectory
0x00007fff4935d000 	/System/Library/PrivateFrameworks/CommonAuth.framework/Versions/A/CommonAuth
0x00007fff3f1ad000 	/System/Library/Frameworks/OpenDirectory.framework/Versions/A/Frameworks/CFOpenDirectory.framework/Versions/A/CFOpenDirectory
0x00007fff4226f000 	/System/Library/Frameworks/SecurityFoundation.framework/Versions/A/SecurityFoundation
0x00007fff45973000 	/System/Library/PrivateFrameworks/APFS.framework/Versions/A/APFS
0x00007fff612a6000 	/usr/lib/libutil.dylib
0x00007fff5efcf000 	/usr/lib/libcharset.1.dylib
0x00007fff46df4000 	/System/Library/PrivateFrameworks/AppleSauce.framework/Versions/A/AppleSauce
0x00007fff46f75000 	/System/Library/PrivateFrameworks/AssertionServices.framework/Versions/A/AssertionServices
0x00007fff476a5000 	/System/Library/PrivateFrameworks/BaseBoard.framework/Versions/A/BaseBoard
0x00007fff5fcf5000 	/usr/lib/libmecab.1.0.0.dylib
0x00007fff5f8ee000 	/usr/lib/libgermantok.dylib
0x00007fff5ed9f000 	/usr/lib/libThaiTokenizer.dylib
0x00007fff5e84a000 	/usr/lib/libChineseTokenizer.dylib
0x00007fff542dd000 	/System/Library/PrivateFrameworks/LanguageModeling.framework/Versions/A/LanguageModeling
0x00007fff4a03f000 	/System/Library/PrivateFrameworks/CoreEmoji.framework/Versions/A/CoreEmoji
0x00007fff543b9000 	/System/Library/PrivateFrameworks/Lexicon.framework/Versions/A/Lexicon
0x00007fff543fc000 	/System/Library/PrivateFrameworks/LinguisticData.framework/Versions/A/LinguisticData
0x00007fff5efd0000 	/usr/lib/libcmph.dylib
0x00007fff4232d000 	/System/Library/Frameworks/ServiceManagement.framework/Versions/A/ServiceManagement
0x00007fff47606000 	/System/Library/PrivateFrameworks/BackgroundTaskManagement.framework/Versions/A/BackgroundTaskManagement
0x00007fff6139f000 	/usr/lib/libxslt.1.dylib
0x00007fff36031000 	/System/Library/Frameworks/Carbon.framework/Versions/A/Frameworks/Ink.framework/Versions/A/Ink
0x00007fff5ca16000 	/System/Library/PrivateFrameworks/TextureIO.framework/Versions/A/TextureIO
0x00007fff5edf3000 	/usr/lib/libate.dylib
0x00007fff4b321000 	/System/Library/PrivateFrameworks/CrashReporterSupport.framework/Versions/A/CrashReporterSupport
0x00007fff5a150000 	/System/Library/PrivateFrameworks/Sharing.framework/Versions/A/Sharing
0x00007fff47358000 	/System/Library/PrivateFrameworks/AuthKit.framework/Versions/A/AuthKit
0x00007fff468ac000 	/System/Library/PrivateFrameworks/Apple80211.framework/Versions/A/Apple80211
0x00007fff4b0c9000 	/System/Library/PrivateFrameworks/CoreUtils.framework/Versions/A/CoreUtils
0x00007fff38811000 	/System/Library/Frameworks/CoreWLAN.framework/Versions/A/CoreWLAN
0x00007fff3920d000 	/System/Library/Frameworks/IOBluetooth.framework/Versions/A/IOBluetooth
0x00007fff58ded000 	/System/Library/PrivateFrameworks/ProtocolBuffer.framework/Versions/A/ProtocolBuffer
0x00007fff551ee000 	/System/Library/PrivateFrameworks/MobileKeyBag.framework/Versions/A/MobileKeyBag
0x00007fff4a90d000 	/System/Library/PrivateFrameworks/CorePhoneNumbers.framework/Versions/A/CorePhoneNumbers
0x00007fff46b0b000 	/System/Library/PrivateFrameworks/AppleIDAuthSupport.framework/Versions/A/AppleIDAuthSupport
0x00007fff542b0000 	/System/Library/PrivateFrameworks/KeychainCircle.framework/Versions/A/KeychainCircle
0x00007fff58fa3000 	/System/Library/PrivateFrameworks/ROCKit.framework/Versions/A/ROCKit
0x00007fff4b2bd000 	/System/Library/PrivateFrameworks/CoreWiFi.framework/Versions/A/CoreWiFi
0x00007fff3659d000 	/System/Library/Frameworks/CoreBluetooth.framework/Versions/A/CoreBluetooth
0x00007fff4b518000 	/System/Library/PrivateFrameworks/DebugSymbols.framework/Versions/A/DebugSymbols
0x00007fff4ae89000 	/System/Library/PrivateFrameworks/CoreSymbolication.framework/Versions/A/CoreSymbolication
0x00007fff5c231000 	/System/Library/PrivateFrameworks/Symbolication.framework/Versions/A/Symbolication
0x00007fff5bad4000 	/System/Library/PrivateFrameworks/SpeechRecognitionCore.framework/Versions/A/SpeechRecognitionCore
0x0000000105233000 	/Library/Java/JavaVirtualMachines/zulu-17.jdk/Contents/Home/lib/server/libjvm.dylib
0x0000000104b6a000 	/Library/Java/JavaVirtualMachines/zulu-17.jdk/Contents/Home/lib/libjimage.dylib
0x0000000104b7c000 	/Library/Java/JavaVirtualMachines/zulu-17.jdk/Contents/Home/lib/libinstrument.dylib
0x0000000104b90000 	/Library/Java/JavaVirtualMachines/zulu-17.jdk/Contents/Home/lib/./libjava.dylib
0x00000001249b4000 	/Library/Java/JavaVirtualMachines/zulu-17.jdk/Contents/Home/lib/libzip.dylib
0x00000001249d5000 	/Library/Java/JavaVirtualMachines/zulu-17.jdk/Contents/Home/lib/libnio.dylib
0x00000001249f1000 	/Library/Java/JavaVirtualMachines/zulu-17.jdk/Contents/Home/lib/./libnet.dylib
0x000000012496a000 	/Library/Java/JavaVirtualMachines/zulu-17.jdk/Contents/Home/lib/libverify.dylib
0x0000000124b79000 	/Users/saneybinfaruk/.gradle/native/c067742578af261105cb4f569cf0c3c89f3d7b1fecec35dd04571415982c5e48/osx-amd64/libnative-platform.dylib
0x0000000124bf4000 	/Users/saneybinfaruk/.gradle/native/100fb08df4bc3b14c8652ba06237920a3bd2aa13389f12d3474272988ae205f9/osx-amd64/libnative-platform-file-events.dylib
0x0000000124b85000 	/Library/Java/JavaVirtualMachines/zulu-17.jdk/Contents/Home/lib/libmanagement.dylib
0x0000000124b95000 	/Library/Java/JavaVirtualMachines/zulu-17.jdk/Contents/Home/lib/libmanagement_ext.dylib
0x0000000124948000 	/Library/Java/JavaVirtualMachines/zulu-17.jdk/Contents/Home/lib/libextnet.dylib


VM Arguments:
jvm_args: -XX:MaxMetaspaceSize=512m --add-opens=java.base/java.util=ALL-UNNAMED --add-opens=java.base/java.lang=ALL-UNNAMED --add-opens=java.base/java.lang.invoke=ALL-UNNAMED --add-opens=java.prefs/java.util.prefs=ALL-UNNAMED --add-opens=java.base/java.nio.charset=ALL-UNNAMED --add-opens=java.base/java.net=ALL-UNNAMED --add-opens=java.base/java.util.concurrent.atomic=ALL-UNNAMED -Xmx2048m -Dfile.encoding=UTF-8 -Duser.country=BD -Duser.language=en -Duser.variant -javaagent:/Users/saneybinfaruk/.gradle/wrapper/dists/gradle-8.8-all/6gdy1pgp427xkqcjbxw3ylt6h/gradle-8.8/lib/agents/gradle-instrumentation-agent-8.8.jar 
java_command: org.gradle.launcher.daemon.bootstrap.GradleDaemon 8.8
java_class_path (initial): /Users/saneybinfaruk/.gradle/wrapper/dists/gradle-8.8-all/6gdy1pgp427xkqcjbxw3ylt6h/gradle-8.8/lib/gradle-launcher-8.8.jar
Launcher Type: SUN_STANDARD

[Global flags]
     intx CICompilerCount                          = 3                                         {product} {ergonomic}
   size_t CompressedClassSpaceSize                 = 436207616                                 {product} {ergonomic}
     uint ConcGCThreads                            = 1                                         {product} {ergonomic}
     uint G1ConcRefinementThreads                  = 4                                         {product} {ergonomic}
   size_t G1HeapRegionSize                         = 1048576                                   {product} {ergonomic}
    uintx GCDrainStackTargetSize                   = 64                                        {product} {ergonomic}
   size_t InitialHeapSize                          = 402653184                                 {product} {ergonomic}
   size_t MarkStackSize                            = 4194304                                   {product} {ergonomic}
   size_t MaxHeapSize                              = 2147483648                                {product} {command line}
   size_t MaxMetaspaceSize                         = 536870912                                 {product} {command line}
   size_t MaxNewSize                               = 1287651328                                {product} {ergonomic}
   size_t MinHeapDeltaBytes                        = 1048576                                   {product} {ergonomic}
   size_t MinHeapSize                              = 8388608                                   {product} {ergonomic}
    uintx NonNMethodCodeHeapSize                   = 5832780                                {pd product} {ergonomic}
    uintx NonProfiledCodeHeapSize                  = 122912730                              {pd product} {ergonomic}
    uintx ProfiledCodeHeapSize                     = 122912730                              {pd product} {ergonomic}
    uintx ReservedCodeCacheSize                    = 251658240                              {pd product} {ergonomic}
     bool SegmentedCodeCache                       = true                                      {product} {ergonomic}
   size_t SoftMaxHeapSize                          = 2147483648                             {manageable} {ergonomic}
     bool UseCompressedClassPointers               = true                           {product lp64_product} {ergonomic}
     bool UseCompressedOops                        = true                           {product lp64_product} {ergonomic}
     bool UseG1GC                                  = true                                      {product} {ergonomic}
     bool UseNUMA                                  = false                                     {product} {ergonomic}
     bool UseNUMAInterleaving                      = false                                     {product} {ergonomic}

Logging:
Log output configuration:
 #0: stdout all=warning uptime,level,tags
 #1: stderr all=off uptime,level,tags

Environment Variables:
JAVA_HOME=/Library/Java/JavaVirtualMachines/zulu-17.jdk/Contents/Home
PATH=/Users/saneybinfaruk/WebProjects/ReactNative/ELearner/SourceFile/AwesomeProject/node_modules/.bin:/Users/saneybinfaruk/WebProjects/ReactNative/ELearner/SourceFile/AwesomeProject/node_modules/.bin:/Users/saneybinfaruk/WebProjects/ReactNative/ELearner/SourceFile/node_modules/.bin:/Users/saneybinfaruk/WebProjects/ReactNative/ELearner/node_modules/.bin:/Users/saneybinfaruk/WebProjects/ReactNative/node_modules/.bin:/Users/saneybinfaruk/WebProjects/node_modules/.bin:/Users/saneybinfaruk/node_modules/.bin:/Users/node_modules/.bin:/node_modules/.bin:/Users/saneybinfaruk/.nvm/versions/node/v20.11.0/lib/node_modules/npm/node_modules/@npmcli/run-script/lib/node-gyp-bin:/Users/saneybinfaruk/WebProjects/ReactNative/ELearner/SourceFile/AwesomeProject/node_modules/.bin:/Users/saneybinfaruk/WebProjects/ReactNative/ELearner/SourceFile/node_modules/.bin:/Users/saneybinfaruk/WebProjects/ReactNative/ELearner/node_modules/.bin:/Users/saneybinfaruk/WebProjects/ReactNative/node_modules/.bin:/Users/saneybinfaruk/WebProjects/node_modules/.bin:/Users/saneybinfaruk/node_modules/.bin:/Users/node_modules/.bin:/node_modules/.bin:/Users/saneybinfaruk/.nvm/versions/node/v20.11.0/lib/node_modules/npm/node_modules/@npmcli/run-script/lib/node-gyp-bin:/Users/saneybinfaruk/.nvm/versions/node/v20.11.0/bin:/opt/local/bin:/opt/local/sbin:/usr/local/bin:/usr/local/sbin:/usr/local/bin:/usr/bin:/bin:/usr/sbin:/sbin:/usr/local/share/dotnet:~/.dotnet/tools:/Library/Frameworks/Mono.framework/Versions/Current/Commands=/usr/local/bin:/usr/bin:/bin:/usr/sbin:/sbin:/usr/local/share/dotnet:~/.dotnet/tools:/Library/Frameworks/Mono.framework/Versions/Current/Commands:/usr/local/mongodb/bin:/Users/saneybinfaruk/Library/Android/sdk/emulator:/Users/saneybinfaruk/Library/Android/sdk/platform-tools
SHELL=/bin/bash
LC_CTYPE=UTF-8
TERM=xterm-256color
TMPDIR=/var/folders/mm/qbnk_21s5w1cgwpp7r0r60j40000gn/T/

Active Locale:
LC_ALL=C/UTF-8/C/C/C/C
LC_COLLATE=C
LC_CTYPE=UTF-8
LC_MESSAGES=C
LC_MONETARY=C
LC_NUMERIC=C
LC_TIME=C

Signal Handlers:
   SIGSEGV: crash_handler in libjvm.dylib, mask=11100110000111110111111111111111, flags=SA_RESTART|SA_SIGINFO, unblocked
    SIGBUS: crash_handler in libjvm.dylib, mask=11100110000111110111111111111111, flags=SA_RESTART|SA_SIGINFO, unblocked
    SIGFPE: crash_handler in libjvm.dylib, mask=11100110000111110111111111111111, flags=SA_RESTART|SA_SIGINFO, unblocked
   SIGPIPE: javaSignalHandler in libjvm.dylib, mask=11100110000111110111111111111111, flags=SA_RESTART|SA_SIGINFO, blocked
   SIGXFSZ: javaSignalHandler in libjvm.dylib, mask=11100110000111110111111111111111, flags=SA_RESTART|SA_SIGINFO, blocked
    SIGILL: crash_handler in libjvm.dylib, mask=11100110000111110111111111111111, flags=SA_RESTART|SA_SIGINFO, unblocked
   SIGUSR2: SR_handler in libjvm.dylib, mask=00100000000000000000000000000000, flags=SA_RESTART|SA_SIGINFO, blocked
    SIGHUP: UserHandler in libjvm.dylib, mask=11100110000111110111111111111111, flags=SA_RESTART|SA_SIGINFO, blocked
    SIGINT: UserHandler in libjvm.dylib, mask=11100110000111110111111111111111, flags=SA_RESTART|SA_SIGINFO, blocked
   SIGTERM: UserHandler in libjvm.dylib, mask=11100110000111110111111111111111, flags=SA_RESTART|SA_SIGINFO, blocked
   SIGQUIT: UserHandler in libjvm.dylib, mask=11100110000111110111111111111111, flags=SA_RESTART|SA_SIGINFO, blocked
   SIGTRAP: crash_handler in libjvm.dylib, mask=11100110000111110111111111111111, flags=SA_RESTART|SA_SIGINFO, unblocked


Periodic native trim disabled


---------------  S Y S T E M  ---------------

OS:
uname: Darwin 18.7.0 Darwin Kernel Version 18.7.0: Tue Aug 20 16:57:14 PDT 2019; root:xnu-4903.271.2~2/RELEASE_X86_64 x86_64
OS uptime: 0 days 1:21 hours
rlimit (soft/hard): STACK 8192k/65532k , CORE 0k/infinity , NPROC 2128/3192 , NOFILE 10240/infinity , AS infinity/infinity , CPU infinity/infinity , DATA infinity/infinity , FSIZE infinity/infinity , MEMLOCK infinity/infinity , RSS infinity/infinity
load average: 18.73 12.88 10.11

CPU: total 4 (initial active 4) (4 cores per cpu, 1 threads per core) family 6 model 158 stepping 9 microcode 0xd6, cx8, cmov, fxsr, mmx, 3dnowpref, sse, sse2, sse3, ssse3, sse4.1, sse4.2, popcnt, lzcnt, tsc, tscinvbit, avx, avx2, aes, erms, clmul, bmi1, bmi2, rtm, adx, fma, vzeroupper, clflush, clflushopt
machdep.cpu.brand_string:Intel(R) Core(TM) i5-7600K CPU @ 3.80GHz
hw.cpufrequency:3800000000
hw.cpufrequency_min:3800000000
hw.cpufrequency_max:3800000000
hw.cachelinesize:64
hw.l1icachesize:32768
hw.l1dcachesize:32768
hw.l2cachesize:262144
hw.l3cachesize:6291456

Memory: 4k page, physical 25165824k(2575624k free), swap 0k(0k free)

vm_info: OpenJDK 64-Bit Server VM (17.0.10+7-LTS) for bsd-amd64 JRE (17.0.10+7-LTS) (Zulu17.48+15-CA), built on Jan  5 2024 06:38:19 by "zulu_re" with clang Apple LLVM 12.0.0 (clang-1200.0.32.29)

END.
